Building DAG of jobs...
Using shell: /bin/bash
Provided cores: 8
Rules claiming more threads will be scaled down.
Job counts:
	count	jobs
	1	all
	1	generate_feature_matrix
	2

[Mon Mar 23 17:23:38 2020]
rule generate_feature_matrix:
    input: data/control_coords.txt, data/disease_coords.txt
    output: data/combined_matrix.txt
    jobid: 1

[Mon Mar 23 17:23:39 2020]
Finished job 1.
1 of 2 steps (50%) done

[Mon Mar 23 17:23:39 2020]
localrule all:
    input: data/combined_matrix.txt
    jobid: 0

[Mon Mar 23 17:23:39 2020]
Finished job 0.
2 of 2 steps (100%) done
Complete log: /Users/jagathvytheeswaran/SVFX/.snakemake/log/2020-03-23T172338.787338.snakemake.log
