Building DAG of jobs...
Using shell: /bin/bash
Provided cores: 8
Rules claiming more threads will be scaled down.
Job counts:
	count	jobs
	1	all
	1	rf_model
	2

[Mon Mar 23 21:06:42 2020]
rule rf_model:
    input: data/test_run_combined_matrix.txt
    output: test_run_predictions.txt
    jobid: 1

Waiting at most 5 seconds for missing files.
MissingOutputException in line 14 of /Users/jagathvytheeswaran/SVFX/Snakefile:
Job completed successfully, but some output files are missing. Missing files after 5 seconds:
test_run_predictions.txt
This might be due to filesystem latency. If that is the case, consider to increase the wait time with --latency-wait.
Shutting down, this might take some time.
Exiting because a job execution failed. Look above for error message
Complete log: /Users/jagathvytheeswaran/SVFX/.snakemake/log/2020-03-23T210642.095542.snakemake.log
