Building DAG of jobs...
Using shell: /bin/bash
Provided cores: 8
Rules claiming more threads will be scaled down.
Job counts:
	count	jobs
	1	all
	1	generate_feature_matrix
	1	rf_model
	3

[Wed May 13 16:41:16 2020]
rule generate_feature_matrix:
    input: data/control_coords.txt, data/disease_coords.txt
    output: data/real_data_run_combined_matrix.txt
    jobid: 2

[Wed May 13 16:41:19 2020]
Finished job 2.
1 of 3 steps (33%) done

[Wed May 13 16:41:19 2020]
rule rf_model:
    input: data/real_data_run_combined_matrix.txt
    output: real_data_run_predictions.txt
    jobid: 1

Waiting at most 5 seconds for missing files.
Terminating processes on user request, this might take some time.
MissingOutputException in line 14 of /Users/jagathvytheeswaran/SVFX/Snakefile:
Job completed successfully, but some output files are missing. Missing files after 5 seconds:
real_data_run_predictions.txt
This might be due to filesystem latency. If that is the case, consider to increase the wait time with --latency-wait.
Complete log: /Users/jagathvytheeswaran/SVFX/.snakemake/log/2020-05-13T164116.633550.snakemake.log
