Building DAG of jobs...
Using shell: /bin/bash
Provided cores: 8
Rules claiming more threads will be scaled down.
Job counts:
	count	jobs
	1	all
	1	merge_matrices
	1	rf_model
	3

[Mon Mar 23 19:40:13 2020]
rule merge_matrices:
    input: data/control_matrix_test_run_normalized.txt, data/disease_matrix_test_run_normalized.txt
    output: data/test_run_combined_matrix.txt
    jobid: 2

[Mon Mar 23 19:40:14 2020]
Finished job 2.
1 of 3 steps (33%) done

[Mon Mar 23 19:40:14 2020]
rule rf_model:
    input: data/test_run_combined_matrix.txt
    output: test_run_predictions.txt
    jobid: 1

Waiting at most 5 seconds for missing files.
Terminating processes on user request, this might take some time.
MissingOutputException in line 24 of /Users/jagathvytheeswaran/SVFX/Snakefile:
Job completed successfully, but some output files are missing. Missing files after 5 seconds:
test_run_predictions.txt
This might be due to filesystem latency. If that is the case, consider to increase the wait time with --latency-wait.
Complete log: /Users/jagathvytheeswaran/SVFX/.snakemake/log/2020-03-23T194013.621740.snakemake.log
