Building DAG of jobs...
Using shell: /bin/bash
Provided cores: 8
Rules claiming more threads will be scaled down.
Job counts:
	count	jobs
	1	all
	1	generate_feature_matrix
	2

[Mon Mar 23 16:27:22 2020]
rule generate_feature_matrix:
    input: data/sample_input_SV.txt
    output: combined_matrix.txt
    jobid: 1

Waiting at most 5 seconds for missing files.
MissingOutputException in line 6 of /Users/jagathvytheeswaran/SVFX/Snakefile:
Job completed successfully, but some output files are missing. Missing files after 5 seconds:
combined_matrix.txt
This might be due to filesystem latency. If that is the case, consider to increase the wait time with --latency-wait.
Shutting down, this might take some time.
Exiting because a job execution failed. Look above for error message
Complete log: /Users/jagathvytheeswaran/SVFX/.snakemake/log/2020-03-23T162722.089514.snakemake.log
