Building DAG of jobs...
Using shell: /bin/bash
Provided cores: 8
Rules claiming more threads will be scaled down.
Job counts:
	count	jobs
	1	all
	1	generate_feature_matrix
	1	merge_matrices
	3

[Mon Mar 23 18:31:05 2020]
rule generate_feature_matrix:
    input: data/control_coords.txt, data/disease_coords.txt
    output: data/control_matrix_normalized.txt, data/disease_matrix_normalized.txt
    jobid: 2

[Mon Mar 23 18:31:06 2020]
Error in rule generate_feature_matrix:
    jobid: 2
    output: data/control_matrix_normalized.txt, data/disease_matrix_normalized.txt

RuleException:
CalledProcessError in line 13 of /Users/jagathvytheeswaran/SVFX/Snakefile:
Command 'set -euo pipefail;  /usr/local/opt/python/bin/python3.6 /Users/jagathvytheeswaran/SVFX/.snakemake/scripts/tmprtitl1ra.gfm_script.py' returned non-zero exit status 1.
  File "/Users/jagathvytheeswaran/SVFX/Snakefile", line 13, in __rule_generate_feature_matrix
  File "/usr/local/Cellar/python/3.6.5_1/Frameworks/Python.framework/Versions/3.6/lib/python3.6/concurrent/futures/thread.py", line 56, in run
Shutting down, this might take some time.
Exiting because a job execution failed. Look above for error message
Complete log: /Users/jagathvytheeswaran/SVFX/.snakemake/log/2020-03-23T183105.404634.snakemake.log
