Building DAG of jobs...
Using shell: /bin/bash
Provided cores: 8
Rules claiming more threads will be scaled down.
Job counts:
	count	jobs
	1	all
	1	generate_feature_matrix
	1	rf_model
	3

[Fri Apr  3 14:43:53 2020]
rule generate_feature_matrix:
    input: data/GRCh37.nr_deletions.common.bed, data/GRCh37.nr_deletions.pathogenic.bed
    output: data/real_data_run_combined_matrix.txt
    jobid: 2

[Fri Apr  3 14:43:58 2020]
Finished job 2.
1 of 3 steps (33%) done

[Fri Apr  3 14:43:58 2020]
rule rf_model:
    input: data/real_data_run_combined_matrix.txt
    output: real_data_run_predictions.txt
    jobid: 1

Waiting at most 5 seconds for missing files.
Terminating processes on user request, this might take some time.
MissingOutputException in line 14 of /Users/jagathvytheeswaran/SVFX/Snakefile:
Job completed successfully, but some output files are missing. Missing files after 5 seconds:
real_data_run_predictions.txt
This might be due to filesystem latency. If that is the case, consider to increase the wait time with --latency-wait.
Complete log: /Users/jagathvytheeswaran/SVFX/.snakemake/log/2020-04-03T144352.408217.snakemake.log
